{
  "stats": {
    "suites": 1,
    "tests": 8,
    "passes": 8,
    "pending": 0,
    "failures": 0,
    "start": "2023-06-26T13:10:22.753Z",
    "end": "2023-06-26T13:10:24.473Z",
    "duration": 1720,
    "testsRegistered": 8,
    "passPercent": 100,
    "pendingPercent": 0,
    "other": 0,
    "hasOther": false,
    "skipped": 0,
    "hasSkipped": false
  },
  "results": [
    {
      "uuid": "6908465a-6ce5-4440-beaf-6a778c86c345",
      "title": "",
      "fullFile": "C:\\Users\\Paulina_Piotrowska\\Desktop\\Automation in JS Self-paced Program\\Automation in JS\\Repositories\\api-testing-example\\test\\tests\\test.spec.js",
      "file": "\\test\\tests\\test.spec.js",
      "beforeHooks": [],
      "afterHooks": [],
      "tests": [],
      "suites": [
        {
          "uuid": "ab10fe2d-faa5-4267-904a-4796d0d8b133",
          "title": "API Test Suite",
          "fullFile": "C:\\Users\\Paulina_Piotrowska\\Desktop\\Automation in JS Self-paced Program\\Automation in JS\\Repositories\\api-testing-example\\test\\tests\\test.spec.js",
          "file": "\\test\\tests\\test.spec.js",
          "beforeHooks": [],
          "afterHooks": [],
          "tests": [
            {
              "title": "GET (post/1)",
              "fullTitle": "API Test Suite GET (post/1)",
              "timedOut": false,
              "duration": 142,
              "state": "passed",
              "speed": "slow",
              "pass": true,
              "fail": false,
              "pending": false,
              "context": null,
              "code": "const response = await sendRequest(\"posts/1\");\n// const response = await axios({\n//   url: \"https://jsonplaceholder.typicode.com/posts/1\",\n//   method: \"get\"\n// });\nconsole.log(\"\\n\");\nconsole.log('Sent GET method request to \"post/1\" endpoint...');\nconsole.log(\"Status:\");\nconsole.log(response.status);\nexpect(response.status).to.equal(200);\nconsole.log(\"Body response:\")\nconsole.log(response.data);\nexpect(response.data.userId).to.equal(1);",
              "err": {},
              "uuid": "01494311-4ca8-49f6-a788-17d2005b4e50",
              "parentUUID": "ab10fe2d-faa5-4267-904a-4796d0d8b133",
              "isHook": false,
              "skipped": false
            },
            {
              "title": "POST (posts)",
              "fullTitle": "API Test Suite POST (posts)",
              "timedOut": false,
              "duration": 292,
              "state": "passed",
              "speed": "slow",
              "pass": true,
              "fail": false,
              "pending": false,
              "context": null,
              "code": "const response = await sendRequest(\"posts\", testDataPosts, \"post\");\n// const response = await axios({\n//   method: \"post\",\n//   url: \"https://jsonplaceholder.typicode.com/posts\",\n//   headers: {\n//     'Content-type': 'application/json; charset=UTF-8'\n//   },\n//   data: {\n//     title: \"foo\",\n//     body: \"bar\",\n//     userId: 1,\n//   },\n// });\n\nconsole.log(\"\\n\");\nconsole.log('Sent POST method request to \"posts\" endpoint...');\nconsole.log(\"Status:\");\nconsole.log(response.status);\nexpect(response.status).to.equal(201);\nconsole.log(\"Body response:\");\nconsole.log(response.data);\nexpect(response.data.body).to.equal(\"bar\");",
              "err": {},
              "uuid": "ffad885e-abd7-425d-8b2e-554c7def1606",
              "parentUUID": "ab10fe2d-faa5-4267-904a-4796d0d8b133",
              "isHook": false,
              "skipped": false
            },
            {
              "title": "POST (albums)",
              "fullTitle": "API Test Suite POST (albums)",
              "timedOut": false,
              "duration": 271,
              "state": "passed",
              "speed": "slow",
              "pass": true,
              "fail": false,
              "pending": false,
              "context": null,
              "code": "const response = await sendRequest(\"albums\", testDataAlbums, \"post\");\nconsole.log(\"\\n\");\nconsole.log('Sent POST method request to \"albums\" endpoint...');\nconsole.log(\"Status:\");\nconsole.log(response.status);\nexpect(response.status).to.equal(201);\nconsole.log(\"Body response:\");\nconsole.log(response.data);\nexpect(response.data.title).to.equal(\"enim repellat iste, est quod aut\");",
              "err": {},
              "uuid": "d72d17b4-ce54-4dc5-b430-f8b599027dc9",
              "parentUUID": "ab10fe2d-faa5-4267-904a-4796d0d8b133",
              "isHook": false,
              "skipped": false
            },
            {
              "title": "GET (comments)",
              "fullTitle": "API Test Suite GET (comments)",
              "timedOut": false,
              "duration": 256,
              "state": "passed",
              "speed": "slow",
              "pass": true,
              "fail": false,
              "pending": false,
              "context": null,
              "code": "const response = await sendRequest(\"comments\");\nconsole.log(\"\\n\");\nconsole.log('Sent GET method request to \"comments\" endpoint...');\nconsole.log(\"Status:\");\nconsole.log(response.status);\nexpect(response.status).to.equal(200);\nconsole.log(\"Body response:\")\nconsole.log(response.data);\nexpect(response.data.length).to.eql(500);",
              "err": {},
              "uuid": "9436507a-0901-4b5f-8c32-44b418142fb4",
              "parentUUID": "ab10fe2d-faa5-4267-904a-4796d0d8b133",
              "isHook": false,
              "skipped": false
            },
            {
              "title": "GET (photos/2)",
              "fullTitle": "API Test Suite GET (photos/2)",
              "timedOut": false,
              "duration": 67,
              "state": "passed",
              "speed": "medium",
              "pass": true,
              "fail": false,
              "pending": false,
              "context": null,
              "code": "const response = await sendRequest(\"photos/2\");\nconsole.log(\"\\n\");\nconsole.log('Sent GET method request to \"photos/2\" endpoint...');\nconsole.log(\"Status:\");\nconsole.log(response.status);\nexpect(response.status).to.equal(200);\nconsole.log(\"Body response:\")\nconsole.log(response.data);\nexpect(response.data.url).to.equal(\"https://via.placeholder.com/600/771796\");",
              "err": {},
              "uuid": "63a635af-4bb6-48e9-8b8f-5203bbe6cecf",
              "parentUUID": "ab10fe2d-faa5-4267-904a-4796d0d8b133",
              "isHook": false,
              "skipped": false
            },
            {
              "title": "GET (photos?albumId=1)",
              "fullTitle": "API Test Suite GET (photos?albumId=1)",
              "timedOut": false,
              "duration": 123,
              "state": "passed",
              "speed": "slow",
              "pass": true,
              "fail": false,
              "pending": false,
              "context": null,
              "code": "const response = await sendRequest(\"photos?albumId=1\");\nconsole.log(\"\\n\");\nconsole.log('Sent GET method request to \"photos?albumId=1\" endpoint...');\nconsole.log(\"Status:\");\nconsole.log(response.status);\nexpect(response.status).to.equal(200);\nconsole.log(\"Body response:\")\nconsole.log(response.data);\nexpect(response.data.length).to.eql(50);",
              "err": {},
              "uuid": "757fda90-52e1-4263-b421-5b82f52d06d8",
              "parentUUID": "ab10fe2d-faa5-4267-904a-4796d0d8b133",
              "isHook": false,
              "skipped": false
            },
            {
              "title": "PUT (users/1)",
              "fullTitle": "API Test Suite PUT (users/1)",
              "timedOut": false,
              "duration": 277,
              "state": "passed",
              "speed": "slow",
              "pass": true,
              "fail": false,
              "pending": false,
              "context": null,
              "code": "const response = await sendRequest(\"users/1\", testDataUsers, \"put\");\nconsole.log(\"\\n\");\nconsole.log('Sent PUT method request to \"users/1\" endpoint...');\nconsole.log(\"Status:\");\nconsole.log(response.status);\nexpect(response.status).to.equal(200);\nconsole.log(\"Body response:\");\nconsole.log(response.data);\nexpect(response.data.address.street).to.equal(\"Kulas Light Aura\");",
              "err": {},
              "uuid": "f53cb6d8-9349-4c55-9765-6d3dbf9e785c",
              "parentUUID": "ab10fe2d-faa5-4267-904a-4796d0d8b133",
              "isHook": false,
              "skipped": false
            },
            {
              "title": "DELETE (todos/1)",
              "fullTitle": "API Test Suite DELETE (todos/1)",
              "timedOut": false,
              "duration": 278,
              "state": "passed",
              "speed": "slow",
              "pass": true,
              "fail": false,
              "pending": false,
              "context": null,
              "code": "const response = await sendRequest(\"todos/1\", null, \"delete\");\nconsole.log(\"\\n\");\nconsole.log('Sent DELETE method request to \"todos/1\" endpoint...');\nconsole.log(\"Status:\");\nconsole.log(response.status);\nexpect(response.status).to.equal(200);",
              "err": {},
              "uuid": "d8261b22-237f-4c05-81b6-157e7bfc1a03",
              "parentUUID": "ab10fe2d-faa5-4267-904a-4796d0d8b133",
              "isHook": false,
              "skipped": false
            }
          ],
          "suites": [],
          "passes": [
            "01494311-4ca8-49f6-a788-17d2005b4e50",
            "ffad885e-abd7-425d-8b2e-554c7def1606",
            "d72d17b4-ce54-4dc5-b430-f8b599027dc9",
            "9436507a-0901-4b5f-8c32-44b418142fb4",
            "63a635af-4bb6-48e9-8b8f-5203bbe6cecf",
            "757fda90-52e1-4263-b421-5b82f52d06d8",
            "f53cb6d8-9349-4c55-9765-6d3dbf9e785c",
            "d8261b22-237f-4c05-81b6-157e7bfc1a03"
          ],
          "failures": [],
          "pending": [],
          "skipped": [],
          "duration": 1706,
          "root": false,
          "rootEmpty": false,
          "_timeout": 2000
        }
      ],
      "passes": [],
      "failures": [],
      "pending": [],
      "skipped": [],
      "duration": 0,
      "root": true,
      "rootEmpty": true,
      "_timeout": 2000
    }
  ],
  "meta": {
    "mocha": {
      "version": "10.2.0"
    },
    "mochawesome": {
      "options": {
        "quiet": false,
        "reportFilename": "mochawesome",
        "saveHtml": true,
        "saveJson": true,
        "consoleReporter": "spec",
        "useInlineDiffs": false,
        "code": true
      },
      "version": "7.1.3"
    },
    "marge": {
      "options": null,
      "version": "6.2.0"
    }
  }
}