{
  "stats": {
    "suites": 1,
    "tests": 2,
    "passes": 2,
    "pending": 0,
    "failures": 0,
    "start": "2023-06-26T11:35:45.425Z",
    "end": "2023-06-26T11:35:45.927Z",
    "duration": 502,
    "testsRegistered": 2,
    "passPercent": 100,
    "pendingPercent": 0,
    "other": 0,
    "hasOther": false,
    "skipped": 0,
    "hasSkipped": false
  },
  "results": [
    {
      "uuid": "4cdc5861-278f-44f1-8819-ee3c4cf67335",
      "title": "",
      "fullFile": "C:\\Users\\Paulina_Piotrowska\\Desktop\\Automation in JS Self-paced Program\\Automation in JS\\Repositories\\api-testing-example\\test\\tests\\test.spec.js",
      "file": "\\test\\tests\\test.spec.js",
      "beforeHooks": [],
      "afterHooks": [],
      "tests": [],
      "suites": [
        {
          "uuid": "261d9611-6485-4968-aeba-6ef68dfcf4a1",
          "title": "API Test Suite",
          "fullFile": "C:\\Users\\Paulina_Piotrowska\\Desktop\\Automation in JS Self-paced Program\\Automation in JS\\Repositories\\api-testing-example\\test\\tests\\test.spec.js",
          "file": "\\test\\tests\\test.spec.js",
          "beforeHooks": [],
          "afterHooks": [],
          "tests": [
            {
              "title": "GET (post/1)",
              "fullTitle": "API Test Suite GET (post/1)",
              "timedOut": false,
              "duration": 195,
              "state": "passed",
              "speed": "slow",
              "pass": true,
              "fail": false,
              "pending": false,
              "context": null,
              "code": "const response = await sendRequest(\"posts/1\");\n// const response = await axios({\n//   url: \"https://jsonplaceholder.typicode.com/posts/1\",\n//   method: \"get\"\n// });\nconsole.log(\"\\n\");\nconsole.log(\"Sent GET method request...\");\nconsole.log(\"Status:\");\nconsole.log(response.status);\nexpect(response.status).to.equal(200);\nconsole.log(\"Body response:\")\nconsole.log(response.data);\nexpect(response.data.userId).to.equal(1);",
              "err": {},
              "uuid": "dd680872-0426-4a0a-9961-760ea701895b",
              "parentUUID": "261d9611-6485-4968-aeba-6ef68dfcf4a1",
              "isHook": false,
              "skipped": false
            },
            {
              "title": "POST (posts)",
              "fullTitle": "API Test Suite POST (posts)",
              "timedOut": false,
              "duration": 298,
              "state": "passed",
              "speed": "slow",
              "pass": true,
              "fail": false,
              "pending": false,
              "context": null,
              "code": "const response = await sendRequest(\"posts\", testData, \"post\");\n// const response = await axios({\n//   method: \"post\",\n//   url: \"https://jsonplaceholder.typicode.com/posts\",\n//   headers: {\n//     'Content-type': 'application/json; charset=UTF-8'\n//   },\n//   data: {\n//     title: \"foo\",\n//     body: \"bar\",\n//     userId: 1,\n//   },\n// });\nconsole.log(\"\\n\");\nconsole.log(\"Sent POST method request...\");\nconsole.log(\"Status:\");\nconsole.log(response.status);\nexpect(response.status).to.equal(201);\nconsole.log(\"Body response:\");\nconsole.log(response.data);",
              "err": {},
              "uuid": "f1a2e1b0-e95b-423a-8c0e-645ef54c070c",
              "parentUUID": "261d9611-6485-4968-aeba-6ef68dfcf4a1",
              "isHook": false,
              "skipped": false
            }
          ],
          "suites": [],
          "passes": [
            "dd680872-0426-4a0a-9961-760ea701895b",
            "f1a2e1b0-e95b-423a-8c0e-645ef54c070c"
          ],
          "failures": [],
          "pending": [],
          "skipped": [],
          "duration": 493,
          "root": false,
          "rootEmpty": false,
          "_timeout": 2000
        }
      ],
      "passes": [],
      "failures": [],
      "pending": [],
      "skipped": [],
      "duration": 0,
      "root": true,
      "rootEmpty": true,
      "_timeout": 2000
    }
  ],
  "meta": {
    "mocha": {
      "version": "10.2.0"
    },
    "mochawesome": {
      "options": {
        "quiet": false,
        "reportFilename": "mochawesome",
        "saveHtml": true,
        "saveJson": true,
        "consoleReporter": "spec",
        "useInlineDiffs": false,
        "code": true
      },
      "version": "7.1.3"
    },
    "marge": {
      "options": null,
      "version": "6.2.0"
    }
  }
}